<?xml version="1.0" encoding="UTF-8"?>
<testng-results ignored="0" total="4" passed="4" failed="0" skipped="0">
  <reporter-output>
  </reporter-output>
  <suite started-at="2025-02-25T04:35:36 IST" name="PetSuite" finished-at="2025-02-25T04:35:45 IST" duration-ms="9159">
    <groups>
    </groups>
    <test started-at="2025-02-25T04:35:36 IST" name="PetTest" finished-at="2025-02-25T04:35:45 IST" duration-ms="9159">
      <class name="api.test.UserTest2">
        <test-method is-config="true" signature="setupData()[pri:0, instance:api.test.UserTest2@31190526]" started-at="2025-02-25T04:35:36 IST" name="setupData" finished-at="2025-02-25T04:35:37 IST" duration-ms="327" status="PASS">
          <reporter-output>
          </reporter-output>
        </test-method> <!-- setupData -->
        <test-method signature="TestPostUser()[pri:1, instance:api.test.UserTest2@31190526]" started-at="2025-02-25T04:35:37 IST" name="TestPostUser" finished-at="2025-02-25T04:35:40 IST" duration-ms="3563" status="PASS">
          <reporter-output>
          </reporter-output>
        </test-method> <!-- TestPostUser -->
        <test-method signature="TestGetUserByName()[pri:2, instance:api.test.UserTest2@31190526]" started-at="2025-02-25T04:35:40 IST" name="TestGetUserByName" finished-at="2025-02-25T04:35:42 IST" duration-ms="1247" status="PASS">
          <reporter-output>
          </reporter-output>
        </test-method> <!-- TestGetUserByName -->
        <test-method signature="testUpdateUserByName()[pri:3, instance:api.test.UserTest2@31190526]" started-at="2025-02-25T04:35:42 IST" name="testUpdateUserByName" finished-at="2025-02-25T04:35:44 IST" duration-ms="2436" status="PASS">
          <reporter-output>
          </reporter-output>
        </test-method> <!-- testUpdateUserByName -->
        <test-method signature="testDeleteUserByName()[pri:4, instance:api.test.UserTest2@31190526]" started-at="2025-02-25T04:35:44 IST" name="testDeleteUserByName" finished-at="2025-02-25T04:35:45 IST" duration-ms="1183" status="PASS">
          <reporter-output>
          </reporter-output>
        </test-method> <!-- testDeleteUserByName -->
      </class> <!-- api.test.UserTest2 -->
    </test> <!-- PetTest -->
  </suite> <!-- PetSuite -->
</testng-results>
