<?xml version="1.0" encoding="UTF-8"?>
<!-- Generated by org.testng.reporters.JUnitXMLReporter -->
<testsuite ignored="0" hostname="Roushan" failures="0" tests="4" name="PetTest" time="9.594" errors="0" timestamp="2025-06-20T00:40:04 IST">
  <testcase classname="api.test.UserTest" name="TestPostUser" time="3.734"/>
  <testcase classname="api.test.UserTest" name="TestGetUserByName" time="1.384"/>
  <testcase classname="api.test.UserTest" name="testUpdateUserByName" time="2.533"/>
  <testcase classname="api.test.UserTest" name="testDeleteUserByName" time="1.229"/>
</testsuite> <!-- PetTest -->
